<?xml version="1.0" encoding="UTF-8"?>
<!-- Generated by org.testng.reporters.JUnitXMLReporter -->
<testsuite ignored="0" hostname="LAPTOP-JNLMJU4B" failures="0" tests="4" name="Test1" time="59.709" errors="0" timestamp="2023-03-09T13:31:02 BDT">
  <testcase classname="Demo.OnlineShopping.User" name="launchApplication" time="38.25"/>
  <testcase classname="Demo.OnlineShopping.User" name="verifyElements" time="1.34"/>
  <testcase classname="Demo.OnlineShopping.User" name="customerRegistrarion" time="6.751"/>
  <testcase classname="Demo.OnlineShopping.User" name="validLoginCredentials" time="10.734"/>
</testsuite> <!-- Test1 -->
