<?xml version="1.0" encoding="UTF-8"?>
<testng-results ignored="0" total="1" passed="1" failed="0" skipped="0">
  <reporter-output>
  </reporter-output>
  <suite started-at="2023-03-09T13:52:53 BDT" name="Suite" finished-at="2023-03-09T13:53:10 BDT" duration-ms="16878">
    <groups>
    </groups>
    <test started-at="2023-03-09T13:52:53 BDT" name="Test2" finished-at="2023-03-09T13:53:10 BDT" duration-ms="16878">
      <class name="Demo.OnlineShopping.NegativeTesting">
        <test-method is-config="true" signature="launchBrowser()[pri:0, instance:Demo.OnlineShopping.NegativeTesting@11392934]" started-at="2023-03-09T13:52:53 BDT" name="launchBrowser" finished-at="2023-03-09T13:52:56 BDT" duration-ms="2285" status="PASS">
          <reporter-output>
          </reporter-output>
        </test-method> <!-- launchBrowser -->
        <test-method signature="invalidLoginCredentials(java.lang.String)[pri:0, instance:Demo.OnlineShopping.NegativeTesting@11392934]" started-at="2023-03-09T13:52:56 BDT" name="invalidLoginCredentials" finished-at="2023-03-09T13:53:10 BDT" duration-ms="14424" status="PASS">
          <params>
            <param index="0">
              <value>
                <![CDATA[https://magento.softwaretestingboard.com/]]>
              </value>
            </param>
          </params>
          <reporter-output>
          </reporter-output>
        </test-method> <!-- invalidLoginCredentials -->
        <test-method is-config="true" signature="closeBrowser()[pri:0, instance:Demo.OnlineShopping.NegativeTesting@11392934]" started-at="2023-03-09T13:53:10 BDT" name="closeBrowser" finished-at="2023-03-09T13:53:10 BDT" duration-ms="99" status="PASS">
          <reporter-output>
          </reporter-output>
        </test-method> <!-- closeBrowser -->
      </class> <!-- Demo.OnlineShopping.NegativeTesting -->
    </test> <!-- Test2 -->
  </suite> <!-- Suite -->
</testng-results>
